# JRE version: OpenJDK Runtime Environment (17.0.6) (build 17.0.6+0-b2043.56-10027231)
# Java VM: OpenJDK 64-Bit Server VM (17.0.6+0-b2043.56-10027231, mixed mode, tiered, compressed oops, compressed class ptrs, g1 gc, windows-amd64)
GC Precious Log:
 CPUs: 8 total, 8 available
 Memory: 12172M
 Large Page Support: Disabled
 NUMA Support: Disabled
 Compressed Oops: Enabled (Zero based)
 Heap Region Size: 2M
 Heap Min Capacity: 8M
 Heap Initial Capacity: 192M
 Heap Max Capacity: 3044M
 Pre-touch: Disabled
 Parallel Workers: 8
 Concurrent Workers: 2
 Concurrent Refinement Workers: 8
 Periodic GC: Disabled
Heap:
 garbage-first heap   total 86016K, used 57893K [0x0000000741c00000, 0x0000000800000000)
  region size 2048K, 9 young (18432K), 2 survivors (4096K)
 Metaspace       used 57219K, committed 57472K, reserved 1105920K
  class space    used 6780K, committed 6912K, reserved 1048576K
GC Heap History (20 events):
Event: 2.108 GC heap before
{Heap before GC invocations=9 (full 0):
 garbage-first heap   total 61440K, used 42894K [0x0000000741c00000, 0x0000000800000000)
  region size 2048K, 10 young (20480K), 1 survivors (2048K)
 Metaspace       used 39190K, committed 39424K, reserved 1089536K
  class space    used 4899K, committed 4992K, reserved 1048576K
}
Event: 2.112 GC heap after
{Heap after GC invocations=10 (full 0):
 garbage-first heap   total 61440K, used 24839K [0x0000000741c00000, 0x0000000800000000)
  region size 2048K, 2 young (4096K), 2 survivors (4096K)
 Metaspace       used 39190K, committed 39424K, reserved 1089536K
  class space    used 4899K, committed 4992K, reserved 1048576K
}
Event: 2.315 GC heap before
{Heap before GC invocations=10 (full 0):
 garbage-first heap   total 61440K, used 41223K [0x0000000741c00000, 0x0000000800000000)
  region size 2048K, 11 young (22528K), 2 survivors (4096K)
 Metaspace       used 43021K, committed 43328K, reserved 1089536K
  class space    used 5239K, committed 5376K, reserved 1048576K
}
Event: 2.319 GC heap after
{Heap after GC invocations=11 (full 0):
 garbage-first heap   total 61440K, used 26275K [0x0000000741c00000, 0x0000000800000000)
  region size 2048K, 1 young (2048K), 1 survivors (2048K)
 Metaspace       used 43021K, committed 43328K, reserved 1089536K
  class space    used 5239K, committed 5376K, reserved 1048576K
}
Event: 2.603 GC heap before
{Heap before GC invocations=11 (full 0):
 garbage-first heap   total 61440K, used 42659K [0x0000000741c00000, 0x0000000800000000)
  region size 2048K, 10 young (20480K), 1 survivors (2048K)
 Metaspace       used 47900K, committed 48192K, reserved 1097728K
  class space    used 5825K, committed 5952K, reserved 1048576K
}
Event: 2.607 GC heap after
{Heap after GC invocations=12 (full 0):
 garbage-first heap   total 61440K, used 27464K [0x0000000741c00000, 0x0000000800000000)
  region size 2048K, 2 young (4096K), 2 survivors (4096K)
 Metaspace       used 47900K, committed 48192K, reserved 1097728K
  class space    used 5825K, committed 5952K, reserved 1048576K
}
Event: 2.765 GC heap before
{Heap before GC invocations=12 (full 0):
 garbage-first heap   total 61440K, used 45896K [0x0000000741c00000, 0x0000000800000000)
  region size 2048K, 10 young (20480K), 2 survivors (4096K)
 Metaspace       used 48900K, committed 49216K, reserved 1097728K
  class space    used 5925K, committed 6080K, reserved 1048576K
}
Event: 2.771 GC heap after
{Heap after GC invocations=13 (full 0):
 garbage-first heap   total 61440K, used 32694K [0x0000000741c00000, 0x0000000800000000)
  region size 2048K, 2 young (4096K), 2 survivors (4096K)
 Metaspace       used 48900K, committed 49216K, reserved 1097728K
  class space    used 5925K, committed 6080K, reserved 1048576K
}
Event: 2.813 GC heap before
{Heap before GC invocations=13 (full 0):
 garbage-first heap   total 61440K, used 47030K [0x0000000741c00000, 0x0000000800000000)
  region size 2048K, 9 young (18432K), 2 survivors (4096K)
 Metaspace       used 48983K, committed 49280K, reserved 1097728K
  class space    used 5925K, committed 6080K, reserved 1048576K
}
Event: 2.820 GC heap after
{Heap after GC invocations=14 (full 0):
 garbage-first heap   total 73728K, used 33519K [0x0000000741c00000, 0x0000000800000000)
  region size 2048K, 1 young (2048K), 1 survivors (2048K)
 Metaspace       used 48983K, committed 49280K, reserved 1097728K
  class space    used 5925K, committed 6080K, reserved 1048576K
}
Event: 3.010 GC heap before
{Heap before GC invocations=15 (full 0):
 garbage-first heap   total 73728K, used 53999K [0x0000000741c00000, 0x0000000800000000)
  region size 2048K, 11 young (22528K), 1 survivors (2048K)
 Metaspace       used 50122K, committed 50432K, reserved 1097728K
  class space    used 6071K, committed 6208K, reserved 1048576K
}
Event: 3.015 GC heap after
{Heap after GC invocations=16 (full 0):
 garbage-first heap   total 73728K, used 35232K [0x0000000741c00000, 0x0000000800000000)
  region size 2048K, 2 young (4096K), 2 survivors (4096K)
 Metaspace       used 50122K, committed 50432K, reserved 1097728K
  class space    used 6071K, committed 6208K, reserved 1048576K
}
Event: 3.391 GC heap before
{Heap before GC invocations=16 (full 0):
 garbage-first heap   total 73728K, used 55712K [0x0000000741c00000, 0x0000000800000000)
  region size 2048K, 12 young (24576K), 2 survivors (4096K)
 Metaspace       used 52208K, committed 52480K, reserved 1097728K
  class space    used 6249K, committed 6400K, reserved 1048576K
}
Event: 3.400 GC heap after
{Heap after GC invocations=17 (full 0):
 garbage-first heap   total 73728K, used 39282K [0x0000000741c00000, 0x0000000800000000)
  region size 2048K, 2 young (4096K), 2 survivors (4096K)
 Metaspace       used 52208K, committed 52480K, reserved 1097728K
  class space    used 6249K, committed 6400K, reserved 1048576K
}
Event: 3.657 GC heap before
{Heap before GC invocations=17 (full 0):
 garbage-first heap   total 73728K, used 55666K [0x0000000741c00000, 0x0000000800000000)
  region size 2048K, 10 young (20480K), 2 survivors (4096K)
 Metaspace       used 52644K, committed 52928K, reserved 1097728K
  class space    used 6263K, committed 6400K, reserved 1048576K
}
Event: 3.668 GC heap after
{Heap after GC invocations=18 (full 0):
 garbage-first heap   total 73728K, used 42201K [0x0000000741c00000, 0x0000000800000000)
  region size 2048K, 2 young (4096K), 2 survivors (4096K)
 Metaspace       used 52644K, committed 52928K, reserved 1097728K
  class space    used 6263K, committed 6400K, reserved 1048576K
}
Event: 3.837 GC heap before
{Heap before GC invocations=19 (full 0):
 garbage-first heap   total 81920K, used 54489K [0x0000000741c00000, 0x0000000800000000)
  region size 2048K, 8 young (16384K), 2 survivors (4096K)
 Metaspace       used 52951K, committed 53248K, reserved 1097728K
  class space    used 6284K, committed 6400K, reserved 1048576K
}
Event: 3.847 GC heap after
{Heap after GC invocations=20 (full 0):
 garbage-first heap   total 81920K, used 44685K [0x0000000741c00000, 0x0000000800000000)
  region size 2048K, 1 young (2048K), 1 survivors (2048K)
 Metaspace       used 52951K, committed 53248K, reserved 1097728K
  class space    used 6284K, committed 6400K, reserved 1048576K
}
Event: 4.011 GC heap before
{Heap before GC invocations=20 (full 0):
 garbage-first heap   total 81920K, used 63117K [0x0000000741c00000, 0x0000000800000000)
  region size 2048K, 10 young (20480K), 1 survivors (2048K)
 Metaspace       used 55169K, committed 55424K, reserved 1105920K
  class space    used 6524K, committed 6656K, reserved 1048576K
}
Event: 4.017 GC heap after
{Heap after GC invocations=21 (full 0):
 garbage-first heap   total 81920K, used 45605K [0x0000000741c00000, 0x0000000800000000)
  region size 2048K, 2 young (4096K), 2 survivors (4096K)
 Metaspace       used 55169K, committed 55424K, reserved 1105920K
  class space    used 6524K, committed 6656K, reserved 1048576K
}

