# JRE version: OpenJDK Runtime Environment (17.0.6) (build 17.0.6+0-b2043.56-10027231)
# Java VM: OpenJDK 64-Bit Server VM (17.0.6+0-b2043.56-10027231, mixed mode, tiered, compressed oops, compressed class ptrs, g1 gc, windows-amd64)
GC Precious Log:
 CPUs: 8 total, 8 available
 Memory: 12172M
 Large Page Support: Disabled
 NUMA Support: Disabled
 Compressed Oops: Enabled (32-bit)
 Heap Region Size: 1M
 Heap Min Capacity: 8M
 Heap Initial Capacity: 192M
 Heap Max Capacity: 2G
 Pre-touch: Disabled
 Parallel Workers: 8
 Concurrent Workers: 2
 Concurrent Refinement Workers: 8
 Periodic GC: Disabled
Heap:
 garbage-first heap   total 486400K, used 391981K [0x0000000080000000, 0x0000000100000000)
  region size 1024K, 91 young (93184K), 17 survivors (17408K)
 Metaspace       used 174095K, committed 175232K, reserved 1204224K
  class space    used 22521K, committed 23104K, reserved 1048576K
GC Heap History (20 events):
Event: 19.783 GC heap before
{Heap before GC invocations=50 (full 0):
 garbage-first heap   total 486400K, used 347222K [0x0000000080000000, 0x0000000100000000)
  region size 1024K, 217 young (222208K), 2 survivors (2048K)
 Metaspace       used 130406K, committed 131136K, reserved 1163264K
  class space    used 16846K, committed 17216K, reserved 1048576K
}
Event: 19.798 GC heap after
{Heap after GC invocations=51 (full 0):
 garbage-first heap   total 486400K, used 145001K [0x0000000080000000, 0x0000000100000000)
  region size 1024K, 19 young (19456K), 19 survivors (19456K)
 Metaspace       used 130406K, committed 131136K, reserved 1163264K
  class space    used 16846K, committed 17216K, reserved 1048576K
}
Event: 22.354 GC heap before
{Heap before GC invocations=51 (full 0):
 garbage-first heap   total 486400K, used 368233K [0x0000000080000000, 0x0000000100000000)
  region size 1024K, 230 young (235520K), 19 survivors (19456K)
 Metaspace       used 138925K, committed 139712K, reserved 1171456K
  class space    used 17948K, committed 18304K, reserved 1048576K
}
Event: 22.384 GC heap after
{Heap after GC invocations=52 (full 0):
 garbage-first heap   total 486400K, used 176343K [0x0000000080000000, 0x0000000100000000)
  region size 1024K, 29 young (29696K), 29 survivors (29696K)
 Metaspace       used 138925K, committed 139712K, reserved 1171456K
  class space    used 17948K, committed 18304K, reserved 1048576K
}
Event: 25.087 GC heap before
{Heap before GC invocations=52 (full 0):
 garbage-first heap   total 486400K, used 387287K [0x0000000080000000, 0x0000000100000000)
  region size 1024K, 213 young (218112K), 29 survivors (29696K)
 Metaspace       used 149586K, committed 150400K, reserved 1179648K
  class space    used 19532K, committed 19904K, reserved 1048576K
}
Event: 25.116 GC heap after
{Heap after GC invocations=53 (full 0):
 garbage-first heap   total 486400K, used 213841K [0x0000000080000000, 0x0000000100000000)
  region size 1024K, 21 young (21504K), 21 survivors (21504K)
 Metaspace       used 149586K, committed 150400K, reserved 1179648K
  class space    used 19532K, committed 19904K, reserved 1048576K
}
Event: 27.248 GC heap before
{Heap before GC invocations=53 (full 0):
 garbage-first heap   total 486400K, used 378705K [0x0000000080000000, 0x0000000100000000)
  region size 1024K, 179 young (183296K), 21 survivors (21504K)
 Metaspace       used 153393K, committed 154240K, reserved 1187840K
  class space    used 20079K, committed 20480K, reserved 1048576K
}
Event: 27.281 GC heap after
{Heap after GC invocations=54 (full 0):
 garbage-first heap   total 486400K, used 239405K [0x0000000080000000, 0x0000000100000000)
  region size 1024K, 23 young (23552K), 23 survivors (23552K)
 Metaspace       used 153393K, committed 154240K, reserved 1187840K
  class space    used 20079K, committed 20480K, reserved 1048576K
}
Event: 29.458 GC heap before
{Heap before GC invocations=54 (full 0):
 garbage-first heap   total 486400K, used 378669K [0x0000000080000000, 0x0000000100000000)
  region size 1024K, 159 young (162816K), 23 survivors (23552K)
 Metaspace       used 153395K, committed 154240K, reserved 1187840K
  class space    used 20079K, committed 20480K, reserved 1048576K
}
Event: 29.472 GC heap after
{Heap after GC invocations=55 (full 0):
 garbage-first heap   total 486400K, used 250654K [0x0000000080000000, 0x0000000100000000)
  region size 1024K, 9 young (9216K), 9 survivors (9216K)
 Metaspace       used 153395K, committed 154240K, reserved 1187840K
  class space    used 20079K, committed 20480K, reserved 1048576K
}
Event: 31.287 GC heap before
{Heap before GC invocations=55 (full 0):
 garbage-first heap   total 486400K, used 405278K [0x0000000080000000, 0x0000000100000000)
  region size 1024K, 144 young (147456K), 9 survivors (9216K)
 Metaspace       used 160405K, committed 161280K, reserved 1196032K
  class space    used 20966K, committed 21376K, reserved 1048576K
}
Event: 31.302 GC heap after
{Heap after GC invocations=56 (full 0):
 garbage-first heap   total 486400K, used 262957K [0x0000000080000000, 0x0000000100000000)
  region size 1024K, 18 young (18432K), 18 survivors (18432K)
 Metaspace       used 160405K, committed 161280K, reserved 1196032K
  class space    used 20966K, committed 21376K, reserved 1048576K
}
Event: 33.012 GC heap before
{Heap before GC invocations=56 (full 0):
 garbage-first heap   total 486400K, used 391981K [0x0000000080000000, 0x0000000100000000)
  region size 1024K, 144 young (147456K), 18 survivors (18432K)
 Metaspace       used 167407K, committed 168320K, reserved 1196032K
  class space    used 21736K, committed 22208K, reserved 1048576K
}
Event: 33.033 GC heap after
{Heap after GC invocations=57 (full 0):
 garbage-first heap   total 486400K, used 274219K [0x0000000080000000, 0x0000000100000000)
  region size 1024K, 11 young (11264K), 11 survivors (11264K)
 Metaspace       used 167407K, committed 168320K, reserved 1196032K
  class space    used 21736K, committed 22208K, reserved 1048576K
}
Event: 1841.431 GC heap before
{Heap before GC invocations=57 (full 0):
 garbage-first heap   total 486400K, used 397099K [0x0000000080000000, 0x0000000100000000)
  region size 1024K, 131 young (134144K), 11 survivors (11264K)
 Metaspace       used 173048K, committed 174080K, reserved 1204224K
  class space    used 22445K, committed 22976K, reserved 1048576K
}
Event: 1841.443 GC heap after
{Heap after GC invocations=58 (full 0):
 garbage-first heap   total 486400K, used 282698K [0x0000000080000000, 0x0000000100000000)
  region size 1024K, 9 young (9216K), 9 survivors (9216K)
 Metaspace       used 173048K, committed 174080K, reserved 1204224K
  class space    used 22445K, committed 22976K, reserved 1048576K
}
Event: 8442.972 GC heap before
{Heap before GC invocations=58 (full 0):
 garbage-first heap   total 486400K, used 401482K [0x0000000080000000, 0x0000000100000000)
  region size 1024K, 125 young (128000K), 9 survivors (9216K)
 Metaspace       used 173166K, committed 174208K, reserved 1204224K
  class space    used 22453K, committed 22976K, reserved 1048576K
}
Event: 8442.986 GC heap after
{Heap after GC invocations=59 (full 0):
 garbage-first heap   total 486400K, used 280771K [0x0000000080000000, 0x0000000100000000)
  region size 1024K, 7 young (7168K), 7 survivors (7168K)
 Metaspace       used 173166K, committed 174208K, reserved 1204224K
  class space    used 22453K, committed 22976K, reserved 1048576K
}
Event: 8444.500 GC heap before
{Heap before GC invocations=59 (full 0):
 garbage-first heap   total 486400K, used 416963K [0x0000000080000000, 0x0000000100000000)
  region size 1024K, 131 young (134144K), 7 survivors (7168K)
 Metaspace       used 173901K, committed 175040K, reserved 1204224K
  class space    used 22511K, committed 23040K, reserved 1048576K
}
Event: 8444.529 GC heap after
{Heap after GC invocations=60 (full 0):
 garbage-first heap   total 486400K, used 310061K [0x0000000080000000, 0x0000000100000000)
  region size 1024K, 17 young (17408K), 17 survivors (17408K)
 Metaspace       used 173901K, committed 175040K, reserved 1204224K
  class space    used 22511K, committed 23040K, reserved 1048576K
}

